2023/04/07 11:28:06 [DEBUG] hGUkIpCUjHtEImmKrwdu5vunfmlCrN - RESTInitialRequestService->createRequestSOAPMessage: Sending 
<REQUEST>
	<Ds_MerchantParameters>eyJEU19NRVJDSEFOVF9NRVJDSEFOVENPREUiOiI5OTkwMDg4ODEiLCJEU19NRVJDSEFOVF9URVJNSU5BTCI6IjIwIiwiRFNfTUVSQ0hBTlRfT1JERVIiOiJDU1dDVEVWTDQxNEIiLCJEU19NRVJDSEFOVF9UUkFOU0FDVElPTlRZUEUiOiIwIiwiRFNfTUVSQ0hBTlRfQ1VSUkVOQ1kiOiI5NzgiLCJEU19NRVJDSEFOVF9BTU9VTlQiOiIxMjMiLCJEU19NRVJDSEFOVF9FTVYzRFMiOiJ7XCJ0aHJlZURTSW5mb1wiOlwiQ2FyZERhdGFcIn0iLCJEU19NRVJDSEFOVF9QQU4iOiI0NTQ4ODEwMDAwMDAwMDAzIiwiRFNfTUVSQ0hBTlRfRVhQSVJZREFURSI6IjQ5MTIiLCJEU19NRVJDSEFOVF9DVlYyIjoiMTIzIiwiRFNfU0lHTkFUVVJFVkVSU0lPTiI6IkhNQUNfU0hBMjU2X1YxIiwiRFNfTUVSQ0hBTlRfUFJPRFVDVERFU0NSSVBUSU9OIjoiUHJ1ZWJhIGRlIHBhZ28gSW5TaXRlIGNvbiAzRFNlY3VyZSJ9</Ds_MerchantParameters>
	<REQUEST>
		<DS_MERCHANT_MERCHANTCODE>999008881</DS_MERCHANT_MERCHANTCODE>
		<DS_MERCHANT_TERMINAL>20</DS_MERCHANT_TERMINAL>
		<DS_MERCHANT_ORDER>CSWCTEVL414B</DS_MERCHANT_ORDER>
		<DS_MERCHANT_TRANSACTIONTYPE>0</DS_MERCHANT_TRANSACTIONTYPE>
		<DS_MERCHANT_CURRENCY>978</DS_MERCHANT_CURRENCY>
		<DS_MERCHANT_AMOUNT>123</DS_MERCHANT_AMOUNT>
		<DS_MERCHANT_EMV3DS>{"threeDSInfo":"CardData"}</DS_MERCHANT_EMV3DS>
		<DS_MERCHANT_PAN>4548810000000003</DS_MERCHANT_PAN>
		<DS_MERCHANT_EXPIRYDATE>4912</DS_MERCHANT_EXPIRYDATE>
		<DS_MERCHANT_CVV2>123</DS_MERCHANT_CVV2>
		<DS_SIGNATUREVERSION>HMAC_SHA256_V1</DS_SIGNATUREVERSION>
		<DS_MERCHANT_PRODUCTDESCRIPTION>Prueba de pago InSite con 3DSecure</DS_MERCHANT_PRODUCTDESCRIPTION>
	</REQUEST>
	<DS_SIGNATUREVERSION>HMAC_SHA256_V1</DS_SIGNATUREVERSION>
	<DS_SIGNATURE>fR8s3V22qFRjL/MwsKJkoN8nRghR+EBC/5gA7e+Bp+o=</DS_SIGNATURE>
</REQUEST>
2023/04/07 11:28:06 [INFO ] hGUkIpCUjHtEImmKrwdu5vunfmlCrN - RESTInitialRequestService->sendOperation: Performing request to 'https://sis-t.redsys.es:25443/sis/rest/iniciaPeticionREST'
2023/04/07 11:28:06 [DEBUG] hGUkIpCUjHtEImmKrwdu5vunfmlCrN - RESTInitialRequestService->sendOperation: Sending JSON Ds_MerchantParameters=eyJEU19NRVJDSEFOVF9NRVJDSEFOVENPREUiOiI5OTkwMDg4ODEiLCJEU19NRVJDSEFOVF9URVJNSU5BTCI6IjIwIiwiRFNfTUVSQ0hBTlRfT1JERVIiOiJDU1dDVEVWTDQxNEIiLCJEU19NRVJDSEFOVF9UUkFOU0FDVElPTlRZUEUiOiIwIiwiRFNfTUVSQ0hBTlRfQ1VSUkVOQ1kiOiI5NzgiLCJEU19NRVJDSEFOVF9BTU9VTlQiOiIxMjMiLCJEU19NRVJDSEFOVF9FTVYzRFMiOiJ7XCJ0aHJlZURTSW5mb1wiOlwiQ2FyZERhdGFcIn0iLCJEU19NRVJDSEFOVF9QQU4iOiI0NTQ4ODEwMDAwMDAwMDAzIiwiRFNfTUVSQ0hBTlRfRVhQSVJZREFURSI6IjQ5MTIiLCJEU19NRVJDSEFOVF9DVlYyIjoiMTIzIiwiRFNfU0lHTkFUVVJFVkVSU0lPTiI6IkhNQUNfU0hBMjU2X1YxIiwiRFNfTUVSQ0hBTlRfUFJPRFVDVERFU0NSSVBUSU9OIjoiUHJ1ZWJhIGRlIHBhZ28gSW5TaXRlIGNvbiAzRFNlY3VyZSJ9&Ds_SignatureVersion=HMAC_SHA256_V1&Ds_Signature=fR8s3V22qFRjL%2FMwsKJkoN8nRghR%2BEBC%2F5gA7e%2BBp%2Bo%3D
2023/04/07 11:28:07 [DEBUG] hGUkIpCUjHtEImmKrwdu5vunfmlCrN - RESTInitialRequestService->checkSignature: Signature matches
2023/04/07 11:28:07 [INFO ] hGUkIpCUjHtEImmKrwdu5vunfmlCrN - RESTInitialRequestService->createResponseMessage: Operation needs authentication
2023/04/07 11:28:07 [DEBUG] hGUkIpCUjHtEImmKrwdu5vunfmlCrN - RESTInitialRequestService->createResponseMessage: Received 
<RETORNOXML>
	<RESULT>AUT</RESULT>
	<OPERACION>
		<Ds_Order>CSWCTEVL414B</Ds_Order>
		<Ds_Signature>IK3UxBvaTOO9eJ5fDdZFi0jz5KSs7U_CkUwvwVH_RCo=</Ds_Signature>
		<Ds_MerchantCode>999008881</Ds_MerchantCode>
		<Ds_Terminal>20</Ds_Terminal>
		<Ds_TransactionType>0</Ds_TransactionType>
		<Ds_Card_PSD2>Y</Ds_Card_PSD2>
		<Ds_EMV3DS>{"protocolVersion":"2.2.0","threeDSServerTransID":"41c18af1-a18f-4ac2-862b-5f60543f2a83","threeDSInfo":"CardConfiguration"}</Ds_EMV3DS>
	</OPERACION>
</RETORNOXML>
2023/04/07 11:28:07 [DEBUG] hGUkIpCUjHtEImmKrwdu5vunfmlCrN - RESTOperationService->createRequestSOAPMessage: Sending 
<REQUEST>
	<Ds_MerchantParameters>eyJEU19NRVJDSEFOVF9NRVJDSEFOVENPREUiOiI5OTkwMDg4ODEiLCJEU19NRVJDSEFOVF9URVJNSU5BTCI6IjIwIiwiRFNfTUVSQ0hBTlRfT1JERVIiOiJDU1dDVEVWTDQxNEIiLCJEU19NRVJDSEFOVF9UUkFOU0FDVElPTlRZUEUiOiIwIiwiRFNfTUVSQ0hBTlRfQ1VSUkVOQ1kiOiI5NzgiLCJEU19NRVJDSEFOVF9BTU9VTlQiOiIxMjMiLCJEU19NRVJDSEFOVF9FTVYzRFMiOnsidGhyZWVEU0luZm8iOiJBdXRoZW50aWNhdGlvbkRhdGEiLCJwcm90b2NvbFZlcnNpb24iOiIxLjAuMiIsImJyb3dzZXJBY2NlcHRIZWFkZXIiOiJ0ZXh0XC9odG1sLGFwcGxpY2F0aW9uXC94aHRtbCt4bWwsYXBwbGljYXRpb25cL3htbDtxPTAuOSwqXC8qO3E9MC44LGFwcGxpY2F0aW9uXC9qc29uIiwiYnJvd3NlclVzZXJBZ2VudCI6Ik1vemlsbGFcLzUuMCAoV2luZG93cyBOVCAxMC4wOyBXaW42NDsgeDY0KSBBcHBsZVdlYktpdFwvNTM3LjM2IChLSFRNTCwgbGlrZSBHZWNrbykgQ2hyb21lXC83MS4wLjM1NzguOTggU2FmYXJpXC81MzcuMzYifSwiRFNfTUVSQ0hBTlRfUEFOIjoiNDU0ODgxMDAwMDAwMDAwMyIsIkRTX01FUkNIQU5UX0VYUElSWURBVEUiOiI0OTEyIiwiRFNfTUVSQ0hBTlRfQ1ZWMiI6IjEyMyJ9</Ds_MerchantParameters>
	<DATOSENTRADA>
		<DS_MERCHANT_MERCHANTCODE>999008881</DS_MERCHANT_MERCHANTCODE>
		<DS_MERCHANT_TERMINAL>20</DS_MERCHANT_TERMINAL>
		<DS_MERCHANT_ORDER>CSWCTEVL414B</DS_MERCHANT_ORDER>
		<DS_MERCHANT_TRANSACTIONTYPE>0</DS_MERCHANT_TRANSACTIONTYPE>
		<DS_MERCHANT_CURRENCY>978</DS_MERCHANT_CURRENCY>
		<DS_MERCHANT_AMOUNT>123</DS_MERCHANT_AMOUNT>
		<DS_MERCHANT_EMV3DS>{"threeDSInfo":"AuthenticationData","protocolVersion":"1.0.2","browserAcceptHeader":"text\/html,application\/xhtml+xml,application\/xml;q=0.9,*\/*;q=0.8,application\/json","browserUserAgent":"Mozilla\/5.0 (Windows NT 10.0; Win64; x64) AppleWebKit\/537.36 (KHTML, like Gecko) Chrome\/71.0.3578.98 Safari\/537.36"}</DS_MERCHANT_EMV3DS>
		<DS_MERCHANT_PAN>4548810000000003</DS_MERCHANT_PAN>
		<DS_MERCHANT_EXPIRYDATE>4912</DS_MERCHANT_EXPIRYDATE>
		<DS_MERCHANT_CVV2>123</DS_MERCHANT_CVV2>
	</DATOSENTRADA>
	<DS_SIGNATUREVERSION>HMAC_SHA256_V1</DS_SIGNATUREVERSION>
	<DS_SIGNATURE>Fnm0tnWeg+zwIQpnnLn/SPrzvVbavwY5XwdnXDJeYUQ=</DS_SIGNATURE>
</REQUEST>
2023/04/07 11:28:07 [INFO ] hGUkIpCUjHtEImmKrwdu5vunfmlCrN - RESTOperationService->sendOperation: Performing request to 'https://sis-t.redsys.es:25443/sis/rest/trataPeticionREST'
2023/04/07 11:28:07 [DEBUG] hGUkIpCUjHtEImmKrwdu5vunfmlCrN - RESTOperationService->sendOperation: Sending JSON Ds_MerchantParameters=eyJEU19NRVJDSEFOVF9NRVJDSEFOVENPREUiOiI5OTkwMDg4ODEiLCJEU19NRVJDSEFOVF9URVJNSU5BTCI6IjIwIiwiRFNfTUVSQ0hBTlRfT1JERVIiOiJDU1dDVEVWTDQxNEIiLCJEU19NRVJDSEFOVF9UUkFOU0FDVElPTlRZUEUiOiIwIiwiRFNfTUVSQ0hBTlRfQ1VSUkVOQ1kiOiI5NzgiLCJEU19NRVJDSEFOVF9BTU9VTlQiOiIxMjMiLCJEU19NRVJDSEFOVF9FTVYzRFMiOnsidGhyZWVEU0luZm8iOiJBdXRoZW50aWNhdGlvbkRhdGEiLCJwcm90b2NvbFZlcnNpb24iOiIxLjAuMiIsImJyb3dzZXJBY2NlcHRIZWFkZXIiOiJ0ZXh0XC9odG1sLGFwcGxpY2F0aW9uXC94aHRtbCt4bWwsYXBwbGljYXRpb25cL3htbDtxPTAuOSwqXC8qO3E9MC44LGFwcGxpY2F0aW9uXC9qc29uIiwiYnJvd3NlclVzZXJBZ2VudCI6Ik1vemlsbGFcLzUuMCAoV2luZG93cyBOVCAxMC4wOyBXaW42NDsgeDY0KSBBcHBsZVdlYktpdFwvNTM3LjM2IChLSFRNTCwgbGlrZSBHZWNrbykgQ2hyb21lXC83MS4wLjM1NzguOTggU2FmYXJpXC81MzcuMzYifSwiRFNfTUVSQ0hBTlRfUEFOIjoiNDU0ODgxMDAwMDAwMDAwMyIsIkRTX01FUkNIQU5UX0VYUElSWURBVEUiOiI0OTEyIiwiRFNfTUVSQ0hBTlRfQ1ZWMiI6IjEyMyJ9&Ds_SignatureVersion=HMAC_SHA256_V1&Ds_Signature=Fnm0tnWeg%2BzwIQpnnLn%2FSPrzvVbavwY5XwdnXDJeYUQ%3D
2023/04/07 11:28:07 [DEBUG] hGUkIpCUjHtEImmKrwdu5vunfmlCrN - RESTOperationService->checkSignature: Signature matches
2023/04/07 11:28:07 [DEBUG] hGUkIpCUjHtEImmKrwdu5vunfmlCrN - RESTOperationService->createResponseMessage: Received 
<RETORNOXML>
	<RESULT>AUT</RESULT>
	<OPERACION>
		<Ds_Amount>123</Ds_Amount>
		<Ds_Currency>978</Ds_Currency>
		<Ds_Order>CSWCTEVL414B</Ds_Order>
		<Ds_Signature>3iwQ8RWqrxRh5bA4k-f1HXRqcKfwQg9Gcz6ILzGIeTU=</Ds_Signature>
		<Ds_MerchantCode>999008881</Ds_MerchantCode>
		<Ds_Terminal>20</Ds_Terminal>
		<Ds_TransactionType>0</Ds_TransactionType>
		<Ds_EMV3DS>{"threeDSInfo":"ChallengeRequest","protocolVersion":"1.0.2","acsURL":"https:\/\/sis-d.redsys.es\/sis-simulador-web\/3DS1\/pares.jsp","PAReq":"eJxVUttuwjAM\/ZWq7yNJ242CTFA3mOAhCAH7gC61oNN6IWlH4evnQNnlIYqPT3w7Dky74tP7QmPzqpz4YsB9D0tdZXm5n\/hvu9eH2J9K2B0M4myLujUoQaG16R69PJv4tqjTvAvitEHbhE9iJMKAByGP+JCsWAjOeRwLX8I62eBRQl9LUqlBAOwOKanRh7RsJKT6+LxcyejxUQxHwHoIBZrlTG7nGzVfJ2q+eVkkqx2wmxvKtECpK0I6r7wMvdq0+J5aYFcGdNWWjTnLYRABuwNozac8NE09Zux0Og0MZvZsB0hRjgH229S6dZalTF2eSfWRnNUl4WqmO3VZRmo3F2qWnOhMgLkXkJEi8i6FJ8Q4iMdCALv6IS1cCyRCENKENwC1q5H0jCP+OoC0N7SasxwNYxrhjgC7uiqRXpCaPzZkaDUN0F+\/3b8snMC6Ic0CTtviIecR9RiFInZaXxmXMyd9opG4JXUAmItl\/RpZ\/wnI+vc5vgHbpsB6","MD":"d70cc1e631e39dca63f0951838954b7ac48f1662"}</Ds_EMV3DS>
	</OPERACION>
</RETORNOXML>
2023/04/07 11:28:07 [INFO ] hGUkIpCUjHtEImmKrwdu5vunfmlCrN - RESTOperationService->createResponseMessage: Operation requires autentication
